# JRE version: Java(TM) SE Runtime Environment (8.0_66-b18) (build 1.8.0_66-b18)
# Java VM: Java HotSpot(TM) 64-Bit Server VM (25.66-b18 mixed mode windows-amd64 compressed oops)
Heap:
 PSYoungGen      total 219648K, used 67742K [0x000000076b000000, 0x000000077c700000, 0x00000007c0000000)
  eden space 200192K, 25% used [0x000000076b000000,0x000000076e267538,0x0000000777380000)
  from space 19456K, 82% used [0x0000000777380000,0x0000000778340350,0x0000000778680000)
  to   space 20992K, 0% used [0x000000077b280000,0x000000077b280000,0x000000077c700000)
 ParOldGen       total 176640K, used 22194K [0x00000006c1000000, 0x00000006cbc80000, 0x000000076b000000)
  object space 176640K, 12% used [0x00000006c1000000,0x00000006c25ac828,0x00000006cbc80000)
 Metaspace       used 54867K, capacity 57483K, committed 57600K, reserved 1099776K
  class space    used 7409K, capacity 7891K, committed 7936K, reserved 1048576K
GC Heap History (10 events):
Event: 3.081 GC heap before
{Heap before GC invocations=7 (full 1):
 PSYoungGen      total 134656K, used 131777K [0x000000076b000000, 0x0000000775180000, 0x00000007c0000000)
  eden space 123904K, 99% used [0x000000076b000000,0x00000007728e8050,0x0000000772900000)
  from space 10752K, 74% used [0x0000000772900000,0x00000007730c8450,0x0000000773380000)
  to   space 11264K, 0% used [0x0000000774680000,0x0000000774680000,0x0000000775180000)
 ParOldGen       total 105472K, used 8259K [0x00000006c1000000, 0x00000006c7700000, 0x000000076b000000)
  object space 105472K, 7% used [0x00000006c1000000,0x00000006c1810e08,0x00000006c7700000)
 Metaspace       used 29450K, capacity 30961K, committed 31232K, reserved 1077248K
  class space    used 4022K, capacity 4324K, committed 4352K, reserved 1048576K
Event: 3.094 GC heap after
Heap after GC invocations=7 (full 1):
 PSYoungGen      total 150528K, used 11235K [0x000000076b000000, 0x0000000777e80000, 0x00000007c0000000)
  eden space 139264K, 0% used [0x000000076b000000,0x000000076b000000,0x0000000773800000)
  from space 11264K, 99% used [0x0000000774680000,0x0000000775178e98,0x0000000775180000)
  to   space 14848K, 0% used [0x0000000773800000,0x0000000773800000,0x0000000774680000)
 ParOldGen       total 105472K, used 11706K [0x00000006c1000000, 0x00000006c7700000, 0x000000076b000000)
  object space 105472K, 11% used [0x00000006c1000000,0x00000006c1b6e960,0x00000006c7700000)
 Metaspace       used 29450K, capacity 30961K, committed 31232K, reserved 1077248K
  class space    used 4022K, capacity 4324K, committed 4352K, reserved 1048576K
}
Event: 3.707 GC heap before
{Heap before GC invocations=8 (full 1):
 PSYoungGen      total 150528K, used 104637K [0x000000076b000000, 0x0000000777e80000, 0x00000007c0000000)
  eden space 139264K, 67% used [0x000000076b000000,0x0000000770b36818,0x0000000773800000)
  from space 11264K, 99% used [0x0000000774680000,0x0000000775178e98,0x0000000775180000)
  to   space 14848K, 0% used [0x0000000773800000,0x0000000773800000,0x0000000774680000)
 ParOldGen       total 105472K, used 11706K [0x00000006c1000000, 0x00000006c7700000, 0x000000076b000000)
  object space 105472K, 11% used [0x00000006c1000000,0x00000006c1b6e960,0x00000006c7700000)
 Metaspace       used 33798K, capacity 35391K, committed 35496K, reserved 1079296K
  class space    used 4489K, capacity 4833K, committed 4864K, reserved 1048576K
Event: 3.720 GC heap after
Heap after GC invocations=8 (full 1):
 PSYoungGen      total 154112K, used 14825K [0x000000076b000000, 0x0000000779c80000, 0x00000007c0000000)
  eden space 139264K, 0% used [0x000000076b000000,0x000000076b000000,0x0000000773800000)
  from space 14848K, 99% used [0x0000000773800000,0x000000077467a598,0x0000000774680000)
  to   space 17920K, 0% used [0x0000000778b00000,0x0000000778b00000,0x0000000779c80000)
 ParOldGen       total 105472K, used 13069K [0x00000006c1000000, 0x00000006c7700000, 0x000000076b000000)
  object space 105472K, 12% used [0x00000006c1000000,0x00000006c1cc35e8,0x00000006c7700000)
 Metaspace       used 33798K, capacity 35391K, committed 35496K, reserved 1079296K
  class space    used 4489K, capacity 4833K, committed 4864K, reserved 1048576K
}
Event: 3.720 GC heap before
{Heap before GC invocations=9 (full 2):
 PSYoungGen      total 154112K, used 14825K [0x000000076b000000, 0x0000000779c80000, 0x00000007c0000000)
  eden space 139264K, 0% used [0x000000076b000000,0x000000076b000000,0x0000000773800000)
  from space 14848K, 99% used [0x0000000773800000,0x000000077467a598,0x0000000774680000)
  to   space 17920K, 0% used [0x0000000778b00000,0x0000000778b00000,0x0000000779c80000)
 ParOldGen       total 105472K, used 13069K [0x00000006c1000000, 0x00000006c7700000, 0x000000076b000000)
  object space 105472K, 12% used [0x00000006c1000000,0x00000006c1cc35e8,0x00000006c7700000)
 Metaspace       used 33798K, capacity 35391K, committed 35496K, reserved 1079296K
  class space    used 4489K, capacity 4833K, committed 4864K, reserved 1048576K
Event: 3.786 GC heap after
Heap after GC invocations=9 (full 2):
 PSYoungGen      total 154112K, used 0K [0x000000076b000000, 0x0000000779c80000, 0x00000007c0000000)
  eden space 139264K, 0% used [0x000000076b000000,0x000000076b000000,0x0000000773800000)
  from space 14848K, 0% used [0x0000000773800000,0x0000000773800000,0x0000000774680000)
  to   space 17920K, 0% used [0x0000000778b00000,0x0000000778b00000,0x0000000779c80000)
 ParOldGen       total 176640K, used 22178K [0x00000006c1000000, 0x00000006cbc80000, 0x000000076b000000)
  object space 176640K, 12% used [0x00000006c1000000,0x00000006c25a8828,0x00000006cbc80000)
 Metaspace       used 33798K, capacity 35391K, committed 35496K, reserved 1079296K
  class space    used 4489K, capacity 4833K, committed 4864K, reserved 1048576K
}
Event: 5.022 GC heap before
{Heap before GC invocations=10 (full 2):
 PSYoungGen      total 154112K, used 139264K [0x000000076b000000, 0x0000000779c80000, 0x00000007c0000000)
  eden space 139264K, 100% used [0x000000076b000000,0x0000000773800000,0x0000000773800000)
  from space 14848K, 0% used [0x0000000773800000,0x0000000773800000,0x0000000774680000)
  to   space 17920K, 0% used [0x0000000778b00000,0x0000000778b00000,0x0000000779c80000)
 ParOldGen       total 176640K, used 22178K [0x00000006c1000000, 0x00000006cbc80000, 0x000000076b000000)
  object space 176640K, 12% used [0x00000006c1000000,0x00000006c25a8828,0x00000006cbc80000)
 Metaspace       used 45848K, capacity 47993K, committed 48256K, reserved 1091584K
  class space    used 6267K, capacity 6672K, committed 6784K, reserved 1048576K
Event: 5.036 GC heap after
Heap after GC invocations=10 (full 2):
 PSYoungGen      total 211456K, used 14387K [0x000000076b000000, 0x0000000779980000, 0x00000007c0000000)
  eden space 196608K, 0% used [0x000000076b000000,0x000000076b000000,0x0000000777000000)
  from space 14848K, 96% used [0x0000000778b00000,0x000000077990cca0,0x0000000779980000)
  to   space 19456K, 0% used [0x0000000777380000,0x0000000777380000,0x0000000778680000)
 ParOldGen       total 176640K, used 22186K [0x00000006c1000000, 0x00000006cbc80000, 0x000000076b000000)
  object space 176640K, 12% used [0x00000006c1000000,0x00000006c25aa828,0x00000006cbc80000)
 Metaspace       used 45848K, capacity 47993K, committed 48256K, reserved 1091584K
  class space    used 6267K, capacity 6672K, committed 6784K, reserved 1048576K
}
Event: 7.550 GC heap before
{Heap before GC invocations=11 (full 2):
 PSYoungGen      total 211456K, used 210995K [0x000000076b000000, 0x0000000779980000, 0x00000007c0000000)
  eden space 196608K, 100% used [0x000000076b000000,0x0000000777000000,0x0000000777000000)
  from space 14848K, 96% used [0x0000000778b00000,0x000000077990cca0,0x0000000779980000)
  to   space 19456K, 0% used [0x0000000777380000,0x0000000777380000,0x0000000778680000)
 ParOldGen       total 176640K, used 22186K [0x00000006c1000000, 0x00000006cbc80000, 0x000000076b000000)
  object space 176640K, 12% used [0x00000006c1000000,0x00000006c25aa828,0x00000006cbc80000)
 Metaspace       used 51554K, capacity 54055K, committed 54400K, reserved 1095680K
  class space    used 7019K, capacity 7459K, committed 7552K, reserved 1048576K
Event: 7.583 GC heap after
Heap after GC invocations=11 (full 2):
 PSYoungGen      total 219648K, used 16128K [0x000000076b000000, 0x000000077c700000, 0x00000007c0000000)
  eden space 200192K, 0% used [0x000000076b000000,0x000000076b000000,0x0000000777380000)
  from space 19456K, 82% used [0x0000000777380000,0x0000000778340350,0x0000000778680000)
  to   space 20992K, 0% used [0x000000077b280000,0x000000077b280000,0x000000077c700000)
 ParOldGen       total 176640K, used 22194K [0x00000006c1000000, 0x00000006cbc80000, 0x000000076b000000)
  object space 176640K, 12% used [0x00000006c1000000,0x00000006c25ac828,0x00000006cbc80000)
 Metaspace       used 51554K, capacity 54055K, committed 54400K, reserved 1095680K
  class space    used 7019K, capacity 7459K, committed 7552K, reserved 1048576K
}

